INFO: [HLS 200-10] Running '/clear/apps/xilinx/Vivado/2020.1/bin/unwrapped/lnx64.o/vivado_hls'
INFO: [HLS 200-10] For user 'dmd4' on host 'agate.clear.rice.edu' (Linux_x86_64 version 3.10.0-1127.13.1.el7.x86_64) on Fri Nov 27 17:39:46 CST 2020
INFO: [HLS 200-10] On os "Red Hat Enterprise Linux Server release 7.8 (Maipo)"
INFO: [HLS 200-10] In directory '/storage-home/d/dmd4/elec515/NIH-pacemaker-FPGA'
Sourcing Tcl script '/storage-home/d/dmd4/elec515/NIH-pacemaker-FPGA/NIH-pacemaker-FPGA/solution1/csim.tcl'
INFO: [HLS 200-10] Opening project '/storage-home/d/dmd4/elec515/NIH-pacemaker-FPGA/NIH-pacemaker-FPGA'.
INFO: [HLS 200-10] Opening solution '/storage-home/d/dmd4/elec515/NIH-pacemaker-FPGA/NIH-pacemaker-FPGA/solution1'.
INFO: [SYN 201-201] Setting up clock 'default' with a period of 10ns.
INFO: [HLS 200-10] Setting target device to 'xc7z045-ffg900-2'
INFO: [SIM 211-2] *************** CSIM start ***************
INFO: [SIM 211-4] CSIM will launch GCC as the compiler.
   Compiling ../../../../unet.cpp in debug mode
   Generating csim.exe
failed 0,0
0,4.01245e-11
40,0,0
failed 0,-1.03861e-29
0,6.40969e-10
40,1,0
failed 0,-1.03861e-29
0,2.20669e+29
40,2,0
failed 0,-nan
0,8.96831e-44
40,3,0
failed 0,8.96831e-44
0,4.01245e-11
42,0,0
failed 0,5.4803e-38
0,6.40969e-10
42,1,0
failed 0,2.94273e-44
0,2.20669e+29
42,2,0
failed 0,6.40969e-10
0,6.40969e-10
42,3,1
failed 0,2.03188e-43
0,6.43925e-10
44,0,0
failed 0,-1.03861e-29
0,6.72623e-44
44,1,0
failed 0,-1.03861e-29
0,6.72623e-44
44,2,0
failed 0,1.79366e-43
0,6.40969e-10
44,3,1
failed 0,5.60519e-45
0,6.86636e-44
46,0,0
failed 0,6.40969e-10
0,6.40287e-10
46,1,1
failed 0,6.40969e-10
0,-1.03861e-29
46,2,0
failed 0,6.40969e-10
0,6.40969e-10
46,3,1
failed 0,6.40287e-10
0,2.24208e-44
48,0,0
failed 0,3.81153e-43
0,-nan
48,1,0
failed 0,8.96831e-44
0,6.40969e-10
48,2,0
failed 0,0
0,6.40969e-10
48,3,0
failed 0,8.96831e-44
0,4.48416e-44
50,0,0
failed 0,4.70836e-43
0,-nan
50,1,0
failed 0,1.12104e-43
0,6.40969e-10
50,2,0
failed 0,0
0,6.40969e-10
50,3,0
failed 0,6.40969e-10
0,2.93932e-06
52,0,0
failed 0,6.40969e-10
0,4.44836e-39
52,1,0
failed 0,6.44906e-10
0,1.12104e-43
52,2,0
failed 0,1.48449e-40
0,1.12104e-43
52,3,0
failed 0,0
0,6.40969e-10
54,0,0
failed 0,5.60519e-44
0,6.40969e-10
54,1,0
failed 0,-nan
0,6.40969e-10
54,2,0
failed 0,6.40969e-10
0,6.40969e-10
54,3,0
failed 0,1.48292e-40
0,6.40969e-10
56,1,0
failed 0,1.65353e-43
0,6.40969e-10
56,2,0
failed 0,2.24208e-43
0,6.40969e-10
56,3,0
failed 0,6.40969e-10
0,2.57848e-09
58,0,0
failed 0,6.40969e-10
0,6.40983e-10
58,1,0
failed 0,2.56388e-09
0,6.40983e-10
58,2,0
failed 0,6.40983e-10
0,2.56393e-09
58,3,0
failed 0,2.57843e-09
0,0
60,0,0
failed 0,6.40969e-10
0,0
60,1,0
failed 0,2.56393e-09
0,0
60,2,0
failed 0,6.44621e-10
0,0
60,3,0
failed 0,1.48001e-40
0,0
62,3,0
INFO: [SIM 211-1] CSim done with 0 errors.
INFO: [SIM 211-3] *************** CSIM finish ***************
